info: Successfully connected to MongoDB. DB Name: task
info: Successfully connected to MongoDB. DB Name: task
info: Successfully connected to MongoDB. DB Name: task
info: Successfully connected to MongoDB. DB Name: task
warn: GET
info: Successfully connected to MongoDB. DB Name: task
warn: GET
warn: GET
warn: GET
warn: GET
error: POST
error: POST
info: Successfully connected to MongoDB. DB Name: task
error: POST
error: POST
info: Successfully connected to MongoDB. DB Name: task
info: Successfully connected to MongoDB. DB Name: task
error: POST
info: Successfully connected to MongoDB. DB Name: task
info: POST
info: POST
error: POST
info: POST
warn: GET
warn: GET
warn: GET
warn: GET
warn: GET
warn: GET
warn: GET
warn: GET
warn: GET
warn: GET
warn: GET
warn: GET
warn: GET
warn: GET
warn: GET
warn: GET
warn: GET
warn: GET
warn: GET
warn: GET
warn: GET
warn: GET
info: Successfully connected to MongoDB. DB Name: task
warn: GET
warn: GET
warn: GET
info: Successfully connected to MongoDB. DB Name: task
warn: GET
error: POST
info: Successfully connected to MongoDB. DB Name: task
warn: GET
error: POST
info: Successfully connected to MongoDB. DB Name: task
info: Successfully connected to MongoDB. DB Name: task
error: POST
info: Successfully connected to MongoDB. DB Name: task
warn: POST
info: Successfully connected to MongoDB. DB Name: task
warn: GET
info: Successfully connected to MongoDB. DB Name: task
info: POST
info: POST
warn: POST
info: Successfully connected to MongoDB. DB Name: task
info: Successfully connected to MongoDB. DB Name: task
info: POST
info: POST
info: POST
warn: GET
info: POST
warn: GET
info: POST
warn: GET
info: POST
warn: GET
info: POST
warn: GET
info: POST
warn: GET
warn: GET
warn: GET
warn: GET
info: POST
warn: GET
warn: GET
warn: POST
info: Successfully connected to MongoDB. DB Name: task
warn: POST
error: POST
error: POST
error: POST
warn: GET
info: POST
info: GET
warn: POST
warn: POST
info: POST
warn: GET
info: POST
info: GET
warn: GET
info: Successfully connected to MongoDB. DB Name: task
warn: GET
info: Successfully connected to MongoDB. DB Name: task
info: GET
info: GET
info: GET
info: GET
info: GET
info: Successfully connected to MongoDB. DB Name: task
info: GET
info: GET
info: GET
info: GET
info: GET
info: GET
info: GET
info: GET
info: GET
info: GET
info: GET
info: Successfully connected to MongoDB. DB Name: task
info: Successfully connected to MongoDB. DB Name: task
info: POST
info: GET
info: Successfully connected to MongoDB. DB Name: task
error: PUT
info: Successfully connected to MongoDB. DB Name: task
error: PUT
info: Successfully connected to MongoDB. DB Name: task
info: PUT
warn: PUT
warn: PUT
warn: PUT
info: Successfully connected to MongoDB. DB Name: task
warn: PUT
info: GET
warn: PUT
info: Successfully connected to MongoDB. DB Name: task
info: PUT
info: GET
info: Successfully connected to MongoDB. DB Name: task
info: Successfully connected to MongoDB. DB Name: task
info: POST
info: GET
info: PUT
info: PUT
info: GET
info: Successfully connected to MongoDB. DB Name: task
info: GET
info: GET
info: POST
info: GET
info: GET
info: GET
info: GET
info: GET
info: GET
info: GET
info: GET
info: GET
info: GET
info: GET
info: GET
info: GET
info: GET
info: GET
info: GET
info: GET
info: GET
warn: GET
warn: GET
info: POST
info: GET
info: GET
info: GET
info: GET
info: GET
info: GET
info: GET
info: POST
info: POST
info: GET
info: GET
info: GET
info: GET
info: GET
info: GET
info: GET
info: GET
info: GET
info: GET
info: GET
info: GET
info: GET
info: GET
info: PUT
info: PUT
info: GET
info: GET
info: GET
info: GET
info: GET
info: GET
info: GET
info: GET
warn: GET
info: POST
info: GET
info: GET
info: GET
info: PUT
info: PUT
info: GET
info: GET
info: GET
info: GET
info: PUT
info: PUT
info: GET
info: GET
info: GET
info: GET
info: GET
info: GET
info: GET
info: GET
info: GET
info: GET
info: GET
info: POST
info: GET
info: GET
info: GET
info: PUT
info: PUT
info: GET
info: GET
info: Successfully connected to MongoDB. DB Name: task
info: Successfully connected to MongoDB. DB Name: task
info: POST
info: Successfully connected to MongoDB. DB Name: task
error: POST
info: Successfully connected to MongoDB. DB Name: task
info: POST
info: Successfully connected to MongoDB. DB Name: task
info: POST
info: Successfully connected to MongoDB. DB Name: task
info: POST
